[2014.10.25 19:10:13] (Coverage): Error during class instrumentation: org.codehaus.groovy.runtime.NioGroovyMethods
java.lang.NullPointerException
	at com.intellij.rt.coverage.instrumentation.Instrumentator$MyClassWriter.typeInfo(Instrumentator.java:344)
	at com.intellij.rt.coverage.instrumentation.Instrumentator$MyClassWriter.getCommonSuperClass(Instrumentator.java:265)
	at org.jetbrains.asm4.ClassWriter.a(Unknown Source)
	at org.jetbrains.asm4.Frame.a(Unknown Source)
	at org.jetbrains.asm4.Frame.a(Unknown Source)
	at org.jetbrains.asm4.MethodWriter.visitMaxs(Unknown Source)
	at org.jetbrains.asm4.MethodVisitor.visitMaxs(Unknown Source)
	at com.intellij.rt.coverage.instrumentation.SamplingInstrumenter$1.visitMaxs(SamplingInstrumenter.java:78)
	at org.jetbrains.asm4.ClassReader.accept(Unknown Source)
	at org.jetbrains.asm4.ClassReader.accept(Unknown Source)
	at com.intellij.rt.coverage.instrumentation.Instrumentator.instrument(Instrumentator.java:163)
	at com.intellij.rt.coverage.instrumentation.Instrumentator.access$000(Instrumentator.java:24)
	at com.intellij.rt.coverage.instrumentation.Instrumentator$1.transform(Instrumentator.java:120)
	at sun.instrument.TransformerManager.transform(TransformerManager.java:169)
	at sun.instrument.InstrumentationImpl.transform(InstrumentationImpl.java:365)
	at java.lang.ClassLoader.defineClass1(Native Method)
	at java.lang.ClassLoader.defineClassCond(ClassLoader.java:632)
	at java.lang.ClassLoader.defineClass(ClassLoader.java:616)
	at java.security.SecureClassLoader.defineClass(SecureClassLoader.java:141)
	at java.net.URLClassLoader.defineClass(URLClassLoader.java:283)
	at java.net.URLClassLoader.access$000(URLClassLoader.java:58)
	at java.net.URLClassLoader$1.run(URLClassLoader.java:197)
	at java.security.AccessController.doPrivileged(Native Method)
	at java.net.URLClassLoader.findClass(URLClassLoader.java:190)
	at org.codehaus.groovy.tools.RootLoader.oldFindClass(RootLoader.java:171)
	at org.codehaus.groovy.tools.RootLoader.loadClass(RootLoader.java:143)
	at org.codehaus.groovy.grails.cli.support.GrailsRootLoader.loadClass(GrailsRootLoader.java:51)
	at java.lang.ClassLoader.loadClass(ClassLoader.java:248)
	at org.codehaus.groovy.runtime.m12n.MetaInfExtensionModule.newModule(MetaInfExtensionModule.java:72)
	at org.codehaus.groovy.runtime.m12n.StandardPropertiesModuleFactory.newModule(StandardPropertiesModuleFactory.java:48)
	at org.codehaus.groovy.runtime.m12n.ExtensionModuleScanner.scanExtensionModuleFromProperties(ExtensionModuleScanner.java:76)
	at org.codehaus.groovy.runtime.m12n.ExtensionModuleScanner.scanExtensionModuleFromMetaInf(ExtensionModuleScanner.java:71)
	at org.codehaus.groovy.runtime.m12n.ExtensionModuleScanner.scanClasspathModules(ExtensionModuleScanner.java:53)
	at org.codehaus.groovy.runtime.metaclass.MetaClassRegistryImpl.<init>(MetaClassRegistryImpl.java:110)
	at org.codehaus.groovy.runtime.metaclass.MetaClassRegistryImpl.<init>(MetaClassRegistryImpl.java:71)
	at groovy.lang.GroovySystem.<clinit>(GroovySystem.java:33)
	at org.codehaus.groovy.runtime.InvokerHelper.<clinit>(InvokerHelper.java:61)
	at groovy.lang.GroovyObjectSupport.<init>(GroovyObjectSupport.java:32)
	at groovy.lang.Closure.<init>(Closure.java:219)
	at groovy.lang.Closure.<init>(Closure.java:236)
	at groovy.lang.Closure$1.<init>(Closure.java:203)
	at groovy.lang.Closure.<clinit>(Closure.java:203)
	at org.codehaus.groovy.grails.cli.GrailsScriptRunner.<clinit>(GrailsScriptRunner.java:76)
	at sun.reflect.NativeMethodAccessorImpl.invoke0(Native Method)
	at sun.reflect.NativeMethodAccessorImpl.invoke(NativeMethodAccessorImpl.java:39)
	at sun.reflect.DelegatingMethodAccessorImpl.invoke(DelegatingMethodAccessorImpl.java:25)
	at java.lang.reflect.Method.invoke(Method.java:597)
	at org.codehaus.groovy.grails.cli.support.GrailsStarter.rootLoader(GrailsStarter.java:236)
	at org.codehaus.groovy.grails.cli.support.GrailsStarter.main(GrailsStarter.java:264)
	at sun.reflect.NativeMethodAccessorImpl.invoke0(Native Method)
	at sun.reflect.NativeMethodAccessorImpl.invoke(NativeMethodAccessorImpl.java:39)
	at sun.reflect.DelegatingMethodAccessorImpl.invoke(DelegatingMethodAccessorImpl.java:25)
	at java.lang.reflect.Method.invoke(Method.java:597)
	at com.intellij.rt.execution.application.AppMain.main(AppMain.java:120)
[2014.10.25 19:10:13] (Coverage): Error during class instrumentation: org.codehaus.groovy.runtime.NioGroovyMethods
java.lang.NullPointerException
	at com.intellij.rt.coverage.instrumentation.Instrumentator$MyClassWriter.typeInfo(Instrumentator.java:344)
	at com.intellij.rt.coverage.instrumentation.Instrumentator$MyClassWriter.getCommonSuperClass(Instrumentator.java:265)
	at org.jetbrains.asm4.ClassWriter.a(Unknown Source)
	at org.jetbrains.asm4.Frame.a(Unknown Source)
	at org.jetbrains.asm4.Frame.a(Unknown Source)
	at org.jetbrains.asm4.MethodWriter.visitMaxs(Unknown Source)
	at org.jetbrains.asm4.MethodVisitor.visitMaxs(Unknown Source)
	at com.intellij.rt.coverage.instrumentation.SamplingInstrumenter$1.visitMaxs(SamplingInstrumenter.java:78)
	at org.jetbrains.asm4.ClassReader.accept(Unknown Source)
	at org.jetbrains.asm4.ClassReader.accept(Unknown Source)
	at com.intellij.rt.coverage.instrumentation.Instrumentator.instrument(Instrumentator.java:163)
	at com.intellij.rt.coverage.instrumentation.Instrumentator.access$000(Instrumentator.java:24)
	at com.intellij.rt.coverage.instrumentation.Instrumentator$1.transform(Instrumentator.java:120)
	at sun.instrument.TransformerManager.transform(TransformerManager.java:169)
	at sun.instrument.InstrumentationImpl.transform(InstrumentationImpl.java:365)
	at java.lang.ClassLoader.defineClass1(Native Method)
	at java.lang.ClassLoader.defineClassCond(ClassLoader.java:632)
	at java.lang.ClassLoader.defineClass(ClassLoader.java:616)
	at java.security.SecureClassLoader.defineClass(SecureClassLoader.java:141)
	at java.net.URLClassLoader.defineClass(URLClassLoader.java:283)
	at java.net.URLClassLoader.access$000(URLClassLoader.java:58)
	at java.net.URLClassLoader$1.run(URLClassLoader.java:197)
	at java.security.AccessController.doPrivileged(Native Method)
	at java.net.URLClassLoader.findClass(URLClassLoader.java:190)
	at java.lang.ClassLoader.loadClass(ClassLoader.java:307)
	at sun.misc.Launcher$AppClassLoader.loadClass(Launcher.java:301)
	at java.lang.ClassLoader.loadClass(ClassLoader.java:248)
	at org.codehaus.groovy.grails.cli.support.GrailsRootLoader.loadClass(GrailsRootLoader.java:55)
	at java.lang.ClassLoader.loadClass(ClassLoader.java:248)
	at org.codehaus.groovy.runtime.m12n.MetaInfExtensionModule.newModule(MetaInfExtensionModule.java:72)
	at org.codehaus.groovy.runtime.m12n.StandardPropertiesModuleFactory.newModule(StandardPropertiesModuleFactory.java:48)
	at org.codehaus.groovy.runtime.m12n.ExtensionModuleScanner.scanExtensionModuleFromProperties(ExtensionModuleScanner.java:76)
	at org.codehaus.groovy.runtime.m12n.ExtensionModuleScanner.scanExtensionModuleFromMetaInf(ExtensionModuleScanner.java:71)
	at org.codehaus.groovy.runtime.m12n.ExtensionModuleScanner.scanClasspathModules(ExtensionModuleScanner.java:53)
	at org.codehaus.groovy.runtime.metaclass.MetaClassRegistryImpl.<init>(MetaClassRegistryImpl.java:110)
	at org.codehaus.groovy.runtime.metaclass.MetaClassRegistryImpl.<init>(MetaClassRegistryImpl.java:71)
	at groovy.lang.GroovySystem.<clinit>(GroovySystem.java:33)
	at org.codehaus.groovy.runtime.InvokerHelper.<clinit>(InvokerHelper.java:61)
	at groovy.lang.GroovyObjectSupport.<init>(GroovyObjectSupport.java:32)
	at groovy.lang.Closure.<init>(Closure.java:219)
	at groovy.lang.Closure.<init>(Closure.java:236)
	at groovy.lang.Closure$1.<init>(Closure.java:203)
	at groovy.lang.Closure.<clinit>(Closure.java:203)
	at org.codehaus.groovy.grails.cli.GrailsScriptRunner.<clinit>(GrailsScriptRunner.java:76)
	at sun.reflect.NativeMethodAccessorImpl.invoke0(Native Method)
	at sun.reflect.NativeMethodAccessorImpl.invoke(NativeMethodAccessorImpl.java:39)
	at sun.reflect.DelegatingMethodAccessorImpl.invoke(DelegatingMethodAccessorImpl.java:25)
	at java.lang.reflect.Method.invoke(Method.java:597)
	at org.codehaus.groovy.grails.cli.support.GrailsStarter.rootLoader(GrailsStarter.java:236)
	at org.codehaus.groovy.grails.cli.support.GrailsStarter.main(GrailsStarter.java:264)
	at sun.reflect.NativeMethodAccessorImpl.invoke0(Native Method)
	at sun.reflect.NativeMethodAccessorImpl.invoke(NativeMethodAccessorImpl.java:39)
	at sun.reflect.DelegatingMethodAccessorImpl.invoke(DelegatingMethodAccessorImpl.java:25)
	at java.lang.reflect.Method.invoke(Method.java:597)
	at com.intellij.rt.execution.application.AppMain.main(AppMain.java:120)
[2014.10.25 19:10:13] (Coverage): Error during class instrumentation: org.codehaus.groovy.runtime.NioGroovyMethods
java.lang.NullPointerException
	at com.intellij.rt.coverage.instrumentation.Instrumentator$MyClassWriter.typeInfo(Instrumentator.java:344)
	at com.intellij.rt.coverage.instrumentation.Instrumentator$MyClassWriter.getCommonSuperClass(Instrumentator.java:265)
	at org.jetbrains.asm4.ClassWriter.a(Unknown Source)
	at org.jetbrains.asm4.Frame.a(Unknown Source)
	at org.jetbrains.asm4.Frame.a(Unknown Source)
	at org.jetbrains.asm4.MethodWriter.visitMaxs(Unknown Source)
	at org.jetbrains.asm4.MethodVisitor.visitMaxs(Unknown Source)
	at com.intellij.rt.coverage.instrumentation.SamplingInstrumenter$1.visitMaxs(SamplingInstrumenter.java:78)
	at org.jetbrains.asm4.ClassReader.accept(Unknown Source)
	at org.jetbrains.asm4.ClassReader.accept(Unknown Source)
	at com.intellij.rt.coverage.instrumentation.Instrumentator.instrument(Instrumentator.java:163)
	at com.intellij.rt.coverage.instrumentation.Instrumentator.access$000(Instrumentator.java:24)
	at com.intellij.rt.coverage.instrumentation.Instrumentator$1.transform(Instrumentator.java:120)
	at sun.instrument.TransformerManager.transform(TransformerManager.java:169)
	at sun.instrument.InstrumentationImpl.transform(InstrumentationImpl.java:365)
	at java.lang.ClassLoader.defineClass1(Native Method)
	at java.lang.ClassLoader.defineClassCond(ClassLoader.java:632)
	at java.lang.ClassLoader.defineClass(ClassLoader.java:616)
	at java.security.SecureClassLoader.defineClass(SecureClassLoader.java:141)
	at java.net.URLClassLoader.defineClass(URLClassLoader.java:283)
	at java.net.URLClassLoader.access$000(URLClassLoader.java:58)
	at java.net.URLClassLoader$1.run(URLClassLoader.java:197)
	at java.security.AccessController.doPrivileged(Native Method)
	at java.net.URLClassLoader.findClass(URLClassLoader.java:190)
	at org.codehaus.groovy.tools.RootLoader.oldFindClass(RootLoader.java:171)
	at org.codehaus.groovy.tools.RootLoader.loadClass(RootLoader.java:143)
	at org.codehaus.groovy.grails.cli.support.GrailsRootLoader.loadClass(GrailsRootLoader.java:51)
	at java.lang.ClassLoader.loadClass(ClassLoader.java:248)
	at org.codehaus.groovy.runtime.m12n.MetaInfExtensionModule.newModule(MetaInfExtensionModule.java:72)
	at org.codehaus.groovy.runtime.m12n.StandardPropertiesModuleFactory.newModule(StandardPropertiesModuleFactory.java:48)
	at org.codehaus.groovy.runtime.m12n.ExtensionModuleScanner.scanExtensionModuleFromProperties(ExtensionModuleScanner.java:76)
	at org.codehaus.groovy.runtime.m12n.ExtensionModuleScanner.scanExtensionModuleFromMetaInf(ExtensionModuleScanner.java:71)
	at org.codehaus.groovy.runtime.m12n.ExtensionModuleScanner.scanClasspathModules(ExtensionModuleScanner.java:53)
	at org.codehaus.groovy.runtime.metaclass.MetaClassRegistryImpl.<init>(MetaClassRegistryImpl.java:110)
	at org.codehaus.groovy.runtime.metaclass.MetaClassRegistryImpl.<init>(MetaClassRegistryImpl.java:71)
	at groovy.lang.GroovySystem.<clinit>(GroovySystem.java:33)
	at org.codehaus.groovy.runtime.InvokerHelper.<clinit>(InvokerHelper.java:61)
	at groovy.lang.GroovyObjectSupport.<init>(GroovyObjectSupport.java:32)
	at groovy.lang.Closure.<init>(Closure.java:219)
	at groovy.lang.Closure.<init>(Closure.java:236)
	at groovy.lang.Closure$1.<init>(Closure.java:203)
	at groovy.lang.Closure.<clinit>(Closure.java:203)
	at org.codehaus.groovy.grails.cli.GrailsScriptRunner.<clinit>(GrailsScriptRunner.java:76)
	at sun.reflect.NativeMethodAccessorImpl.invoke0(Native Method)
	at sun.reflect.NativeMethodAccessorImpl.invoke(NativeMethodAccessorImpl.java:39)
	at sun.reflect.DelegatingMethodAccessorImpl.invoke(DelegatingMethodAccessorImpl.java:25)
	at java.lang.reflect.Method.invoke(Method.java:597)
	at org.codehaus.groovy.grails.cli.support.GrailsStarter.rootLoader(GrailsStarter.java:236)
	at org.codehaus.groovy.grails.cli.support.GrailsStarter.main(GrailsStarter.java:264)
	at sun.reflect.NativeMethodAccessorImpl.invoke0(Native Method)
	at sun.reflect.NativeMethodAccessorImpl.invoke(NativeMethodAccessorImpl.java:39)
	at sun.reflect.DelegatingMethodAccessorImpl.invoke(DelegatingMethodAccessorImpl.java:25)
	at java.lang.reflect.Method.invoke(Method.java:597)
	at com.intellij.rt.execution.application.AppMain.main(AppMain.java:120)
[2014.10.25 19:10:13] (Coverage): Error during class instrumentation: org.codehaus.groovy.runtime.NioGroovyMethods
java.lang.NullPointerException
	at com.intellij.rt.coverage.instrumentation.Instrumentator$MyClassWriter.typeInfo(Instrumentator.java:344)
	at com.intellij.rt.coverage.instrumentation.Instrumentator$MyClassWriter.getCommonSuperClass(Instrumentator.java:265)
	at org.jetbrains.asm4.ClassWriter.a(Unknown Source)
	at org.jetbrains.asm4.Frame.a(Unknown Source)
	at org.jetbrains.asm4.Frame.a(Unknown Source)
	at org.jetbrains.asm4.MethodWriter.visitMaxs(Unknown Source)
	at org.jetbrains.asm4.MethodVisitor.visitMaxs(Unknown Source)
	at com.intellij.rt.coverage.instrumentation.SamplingInstrumenter$1.visitMaxs(SamplingInstrumenter.java:78)
	at org.jetbrains.asm4.ClassReader.accept(Unknown Source)
	at org.jetbrains.asm4.ClassReader.accept(Unknown Source)
	at com.intellij.rt.coverage.instrumentation.Instrumentator.instrument(Instrumentator.java:163)
	at com.intellij.rt.coverage.instrumentation.Instrumentator.access$000(Instrumentator.java:24)
	at com.intellij.rt.coverage.instrumentation.Instrumentator$1.transform(Instrumentator.java:120)
	at sun.instrument.TransformerManager.transform(TransformerManager.java:169)
	at sun.instrument.InstrumentationImpl.transform(InstrumentationImpl.java:365)
	at java.lang.ClassLoader.defineClass1(Native Method)
	at java.lang.ClassLoader.defineClassCond(ClassLoader.java:632)
	at java.lang.ClassLoader.defineClass(ClassLoader.java:616)
	at java.security.SecureClassLoader.defineClass(SecureClassLoader.java:141)
	at java.net.URLClassLoader.defineClass(URLClassLoader.java:283)
	at java.net.URLClassLoader.access$000(URLClassLoader.java:58)
	at java.net.URLClassLoader$1.run(URLClassLoader.java:197)
	at java.security.AccessController.doPrivileged(Native Method)
	at java.net.URLClassLoader.findClass(URLClassLoader.java:190)
	at java.lang.ClassLoader.loadClass(ClassLoader.java:307)
	at sun.misc.Launcher$AppClassLoader.loadClass(Launcher.java:301)
	at java.lang.ClassLoader.loadClass(ClassLoader.java:248)
	at org.codehaus.groovy.grails.cli.support.GrailsRootLoader.loadClass(GrailsRootLoader.java:55)
	at java.lang.ClassLoader.loadClass(ClassLoader.java:248)
	at org.codehaus.groovy.runtime.m12n.MetaInfExtensionModule.newModule(MetaInfExtensionModule.java:72)
	at org.codehaus.groovy.runtime.m12n.StandardPropertiesModuleFactory.newModule(StandardPropertiesModuleFactory.java:48)
	at org.codehaus.groovy.runtime.m12n.ExtensionModuleScanner.scanExtensionModuleFromProperties(ExtensionModuleScanner.java:76)
	at org.codehaus.groovy.runtime.m12n.ExtensionModuleScanner.scanExtensionModuleFromMetaInf(ExtensionModuleScanner.java:71)
	at org.codehaus.groovy.runtime.m12n.ExtensionModuleScanner.scanClasspathModules(ExtensionModuleScanner.java:53)
	at org.codehaus.groovy.runtime.metaclass.MetaClassRegistryImpl.<init>(MetaClassRegistryImpl.java:110)
	at org.codehaus.groovy.runtime.metaclass.MetaClassRegistryImpl.<init>(MetaClassRegistryImpl.java:71)
	at groovy.lang.GroovySystem.<clinit>(GroovySystem.java:33)
	at org.codehaus.groovy.runtime.InvokerHelper.<clinit>(InvokerHelper.java:61)
	at groovy.lang.GroovyObjectSupport.<init>(GroovyObjectSupport.java:32)
	at groovy.lang.Closure.<init>(Closure.java:219)
	at groovy.lang.Closure.<init>(Closure.java:236)
	at groovy.lang.Closure$1.<init>(Closure.java:203)
	at groovy.lang.Closure.<clinit>(Closure.java:203)
	at org.codehaus.groovy.grails.cli.GrailsScriptRunner.<clinit>(GrailsScriptRunner.java:76)
	at sun.reflect.NativeMethodAccessorImpl.invoke0(Native Method)
	at sun.reflect.NativeMethodAccessorImpl.invoke(NativeMethodAccessorImpl.java:39)
	at sun.reflect.DelegatingMethodAccessorImpl.invoke(DelegatingMethodAccessorImpl.java:25)
	at java.lang.reflect.Method.invoke(Method.java:597)
	at org.codehaus.groovy.grails.cli.support.GrailsStarter.rootLoader(GrailsStarter.java:236)
	at org.codehaus.groovy.grails.cli.support.GrailsStarter.main(GrailsStarter.java:264)
	at sun.reflect.NativeMethodAccessorImpl.invoke0(Native Method)
	at sun.reflect.NativeMethodAccessorImpl.invoke(NativeMethodAccessorImpl.java:39)
	at sun.reflect.DelegatingMethodAccessorImpl.invoke(DelegatingMethodAccessorImpl.java:25)
	at java.lang.reflect.Method.invoke(Method.java:597)
	at com.intellij.rt.execution.application.AppMain.main(AppMain.java:120)
